<?xml version="1.0" encoding="UTF-8"?>
<!-- Generated by org.testng.reporters.JUnitReportReporter -->
<testsuite skipped="0" hostname="Admin" name="com.omrbranch.OMRBranchLoginPage" tests="6" failures="0" timestamp="16 Sep 2022 14:43:26 GMT" time="15.502" errors="0">
  <testcase name="login" time="7.368" classname="com.omrbranch.OMRBranchLoginPage"/>
  <testcase name="addUserAddress" time="0.849" classname="com.omrbranch.OMRBranchLoginPage"/>
  <testcase name="updateUserAddress" time="0.577" classname="com.omrbranch.OMRBranchLoginPage"/>
  <testcase name="deleteUserAddress" time="0.530" classname="com.omrbranch.OMRBranchLoginPage"/>
  <testcase name="getUserAddresses" time="1.173" classname="com.omrbranch.OMRBranchLoginPage"/>
  <testcase name="changeProfilePic" time="5.005" classname="com.omrbranch.OMRBranchLoginPage"/>
</testsuite> <!-- com.omrbranch.OMRBranchLoginPage -->
